0 info it worked if it ends with ok
1 verbose cli [ '/usr/local/bin/node', '/usr/local/bin/npm', 'run', 'dev' ]
2 info using npm@4.1.1
3 info using node@v5.6.0
4 verbose run-script [ 'predev', 'dev', 'postdev' ]
5 info lifecycle react-tutorials@0.0.0~predev: react-tutorials@0.0.0
6 silly lifecycle react-tutorials@0.0.0~predev: no script for predev, continuing
7 info lifecycle react-tutorials@0.0.0~dev: react-tutorials@0.0.0
8 verbose lifecycle react-tutorials@0.0.0~dev: unsafe-perm in lifecycle true
9 verbose lifecycle react-tutorials@0.0.0~dev: PATH: /usr/local/lib/node_modules/npm/bin/node-gyp-bin:/Users/Daniel/Sites/test/react-todolist/node_modules/.bin:/Users/Daniel/.avn/bin:/usr/local/bin:/usr/bin:/bin:/usr/sbin:/sbin:/usr/local/share/dotnet:/Library/Frameworks/Mono.framework/Versions/Current/Commands
10 verbose lifecycle react-tutorials@0.0.0~dev: CWD: /Users/Daniel/Sites/test/react-todolist
11 silly lifecycle react-tutorials@0.0.0~dev: Args: [ '-c', 'webpack-dev-server --content-base src --inline --hot' ]
12 silly lifecycle react-tutorials@0.0.0~dev: Returned: code: 1  signal: null
13 info lifecycle react-tutorials@0.0.0~dev: Failed to exec dev script
14 verbose stack Error: react-tutorials@0.0.0 dev: `webpack-dev-server --content-base src --inline --hot`
14 verbose stack Exit status 1
14 verbose stack     at EventEmitter.<anonymous> (/usr/local/lib/node_modules/npm/lib/utils/lifecycle.js:279:16)
14 verbose stack     at emitTwo (events.js:100:13)
14 verbose stack     at EventEmitter.emit (events.js:185:7)
14 verbose stack     at ChildProcess.<anonymous> (/usr/local/lib/node_modules/npm/lib/utils/spawn.js:40:14)
14 verbose stack     at emitTwo (events.js:100:13)
14 verbose stack     at ChildProcess.emit (events.js:185:7)
14 verbose stack     at maybeClose (internal/child_process.js:827:16)
14 verbose stack     at Process.ChildProcess._handle.onexit (internal/child_process.js:211:5)
15 verbose pkgid react-tutorials@0.0.0
16 verbose cwd /Users/Daniel/Sites/test/react-todolist
17 error Darwin 15.3.0
18 error argv "/usr/local/bin/node" "/usr/local/bin/npm" "run" "dev"
19 error node v5.6.0
20 error npm  v4.1.1
21 error code ELIFECYCLE
22 error react-tutorials@0.0.0 dev: `webpack-dev-server --content-base src --inline --hot`
22 error Exit status 1
23 error Failed at the react-tutorials@0.0.0 dev script 'webpack-dev-server --content-base src --inline --hot'.
23 error Make sure you have the latest version of node.js and npm installed.
23 error If you do, this is most likely a problem with the react-tutorials package,
23 error not with npm itself.
23 error Tell the author that this fails on your system:
23 error     webpack-dev-server --content-base src --inline --hot
23 error You can get information on how to open an issue for this project with:
23 error     npm bugs react-tutorials
23 error Or if that isn't available, you can get their info via:
23 error     npm owner ls react-tutorials
23 error There is likely additional logging output above.
24 verbose exit [ 1, true ]
